# JRE version: OpenJDK Runtime Environment Zulu17.52+17-CA (17.0.12+7) (build 17.0.12+7-LTS)
# Java VM: OpenJDK 64-Bit Server VM Zulu17.52+17-CA (17.0.12+7-LTS, mixed mode, sharing, tiered, compressed oops, compressed class ptrs, g1 gc, windows-amd64)
GC Precious Log:
 CPUs: 8 total, 8 available
 Memory: 16099M
 Large Page Support: Disabled
 NUMA Support: Disabled
 Compressed Oops: Enabled (Zero based)
 Heap Region Size: 2M
 Heap Min Capacity: 8M
 Heap Initial Capacity: 252M
 Heap Max Capacity: 4026M
 Pre-touch: Disabled
 Parallel Workers: 8
 Concurrent Workers: 2
 Concurrent Refinement Workers: 8
 Periodic GC: Disabled
Heap:
 garbage-first heap   total 798720K, used 166933K [0x0000000704600000, 0x0000000800000000)
  region size 2048K, 45 young (92160K), 14 survivors (28672K)
 Metaspace       used 60225K, committed 60800K, reserved 1114112K
  class space    used 7965K, committed 8256K, reserved 1048576K
GC Heap History (20 events):
Event: 3935.680 GC heap before
{Heap before GC invocations=205 (full 0):
 garbage-first heap   total 798720K, used 555587K [0x0000000704600000, 0x0000000800000000)
  region size 2048K, 234 young (479232K), 1 survivors (2048K)
 Metaspace       used 59520K, committed 60096K, reserved 1114112K
  class space    used 7917K, committed 8192K, reserved 1048576K
}
Event: 3935.681 GC heap after
{Heap after GC invocations=206 (full 0):
 garbage-first heap   total 798720K, used 78407K [0x0000000704600000, 0x0000000800000000)
  region size 2048K, 1 young (2048K), 1 survivors (2048K)
 Metaspace       used 59520K, committed 60096K, reserved 1114112K
  class space    used 7917K, committed 8192K, reserved 1048576K
}
Event: 3935.929 GC heap before
{Heap before GC invocations=206 (full 0):
 garbage-first heap   total 798720K, used 555591K [0x0000000704600000, 0x0000000800000000)
  region size 2048K, 234 young (479232K), 1 survivors (2048K)
 Metaspace       used 59520K, committed 60096K, reserved 1114112K
  class space    used 7917K, committed 8192K, reserved 1048576K
}
Event: 3935.931 GC heap after
{Heap after GC invocations=207 (full 0):
 garbage-first heap   total 798720K, used 78420K [0x0000000704600000, 0x0000000800000000)
  region size 2048K, 1 young (2048K), 1 survivors (2048K)
 Metaspace       used 59520K, committed 60096K, reserved 1114112K
  class space    used 7917K, committed 8192K, reserved 1048576K
}
Event: 3936.226 GC heap before
{Heap before GC invocations=207 (full 0):
 garbage-first heap   total 798720K, used 555604K [0x0000000704600000, 0x0000000800000000)
  region size 2048K, 234 young (479232K), 1 survivors (2048K)
 Metaspace       used 59520K, committed 60096K, reserved 1114112K
  class space    used 7917K, committed 8192K, reserved 1048576K
}
Event: 3936.228 GC heap after
{Heap after GC invocations=208 (full 0):
 garbage-first heap   total 798720K, used 78417K [0x0000000704600000, 0x0000000800000000)
  region size 2048K, 1 young (2048K), 1 survivors (2048K)
 Metaspace       used 59520K, committed 60096K, reserved 1114112K
  class space    used 7917K, committed 8192K, reserved 1048576K
}
Event: 3936.489 GC heap before
{Heap before GC invocations=208 (full 0):
 garbage-first heap   total 798720K, used 555601K [0x0000000704600000, 0x0000000800000000)
  region size 2048K, 234 young (479232K), 1 survivors (2048K)
 Metaspace       used 59520K, committed 60096K, reserved 1114112K
  class space    used 7917K, committed 8192K, reserved 1048576K
}
Event: 3936.490 GC heap after
{Heap after GC invocations=209 (full 0):
 garbage-first heap   total 798720K, used 78415K [0x0000000704600000, 0x0000000800000000)
  region size 2048K, 1 young (2048K), 1 survivors (2048K)
 Metaspace       used 59520K, committed 60096K, reserved 1114112K
  class space    used 7917K, committed 8192K, reserved 1048576K
}
Event: 3936.744 GC heap before
{Heap before GC invocations=209 (full 0):
 garbage-first heap   total 798720K, used 555599K [0x0000000704600000, 0x0000000800000000)
  region size 2048K, 234 young (479232K), 1 survivors (2048K)
 Metaspace       used 59520K, committed 60096K, reserved 1114112K
  class space    used 7917K, committed 8192K, reserved 1048576K
}
Event: 3936.745 GC heap after
{Heap after GC invocations=210 (full 0):
 garbage-first heap   total 798720K, used 78407K [0x0000000704600000, 0x0000000800000000)
  region size 2048K, 1 young (2048K), 1 survivors (2048K)
 Metaspace       used 59520K, committed 60096K, reserved 1114112K
  class space    used 7917K, committed 8192K, reserved 1048576K
}
Event: 3950.935 GC heap before
{Heap before GC invocations=210 (full 0):
 garbage-first heap   total 798720K, used 553543K [0x0000000704600000, 0x0000000800000000)
  region size 2048K, 234 young (479232K), 1 survivors (2048K)
 Metaspace       used 59820K, committed 60352K, reserved 1114112K
  class space    used 7921K, committed 8192K, reserved 1048576K
}
Event: 3950.943 GC heap after
{Heap after GC invocations=211 (full 0):
 garbage-first heap   total 798720K, used 87660K [0x0000000704600000, 0x0000000800000000)
  region size 2048K, 5 young (10240K), 5 survivors (10240K)
 Metaspace       used 59820K, committed 60352K, reserved 1114112K
  class space    used 7921K, committed 8192K, reserved 1048576K
}
Event: 3954.096 GC heap before
{Heap before GC invocations=211 (full 0):
 garbage-first heap   total 798720K, used 556652K [0x0000000704600000, 0x0000000800000000)
  region size 2048K, 234 young (479232K), 5 survivors (10240K)
 Metaspace       used 59877K, committed 60416K, reserved 1114112K
  class space    used 7921K, committed 8192K, reserved 1048576K
}
Event: 3954.111 GC heap after
{Heap after GC invocations=212 (full 0):
 garbage-first heap   total 798720K, used 96723K [0x0000000704600000, 0x0000000800000000)
  region size 2048K, 9 young (18432K), 9 survivors (18432K)
 Metaspace       used 59877K, committed 60416K, reserved 1114112K
  class space    used 7921K, committed 8192K, reserved 1048576K
}
Event: 3956.960 GC heap before
{Heap before GC invocations=212 (full 0):
 garbage-first heap   total 798720K, used 557523K [0x0000000704600000, 0x0000000800000000)
  region size 2048K, 234 young (479232K), 9 survivors (18432K)
 Metaspace       used 59921K, committed 60480K, reserved 1114112K
  class space    used 7921K, committed 8192K, reserved 1048576K
}
Event: 3956.972 GC heap after
{Heap after GC invocations=213 (full 0):
 garbage-first heap   total 798720K, used 99202K [0x0000000704600000, 0x0000000800000000)
  region size 2048K, 11 young (22528K), 11 survivors (22528K)
 Metaspace       used 59921K, committed 60480K, reserved 1114112K
  class space    used 7921K, committed 8192K, reserved 1048576K
}
Event: 3963.163 GC heap before
{Heap before GC invocations=213 (full 0):
 garbage-first heap   total 798720K, used 555906K [0x0000000704600000, 0x0000000800000000)
  region size 2048K, 234 young (479232K), 11 survivors (22528K)
 Metaspace       used 59987K, committed 60544K, reserved 1114112K
  class space    used 7933K, committed 8192K, reserved 1048576K
}
Event: 3963.176 GC heap after
{Heap after GC invocations=214 (full 0):
 garbage-first heap   total 798720K, used 101795K [0x0000000704600000, 0x0000000800000000)
  region size 2048K, 12 young (24576K), 12 survivors (24576K)
 Metaspace       used 59987K, committed 60544K, reserved 1114112K
  class space    used 7933K, committed 8192K, reserved 1048576K
}
Event: 6616.666 GC heap before
{Heap before GC invocations=214 (full 0):
 garbage-first heap   total 798720K, used 556451K [0x0000000704600000, 0x0000000800000000)
  region size 2048K, 234 young (479232K), 12 survivors (24576K)
 Metaspace       used 60035K, committed 60608K, reserved 1114112K
  class space    used 7933K, committed 8192K, reserved 1048576K
}
Event: 6616.698 GC heap after
{Heap after GC invocations=215 (full 0):
 garbage-first heap   total 798720K, used 105493K [0x0000000704600000, 0x0000000800000000)
  region size 2048K, 14 young (28672K), 14 survivors (28672K)
 Metaspace       used 60035K, committed 60608K, reserved 1114112K
  class space    used 7933K, committed 8192K, reserved 1048576K
}

